This is XeTeX, Version 3.14159265-2.6-0.999991 (TeX Live 2019/W32TeX) (preloaded format=xelatex 2019.6.5)  27 JUN 2019 20:11
entering extended mode
 restricted \write18 enabled.
 %&-line parsing enabled.
**calibri.tex
(./calibri.tex
LaTeX2e <2018-12-01>
(d:/PRG/texlive/2019/texmf-dist/tex/latex/base/article.cls
Document Class: article 2018/09/03 v1.4i Standard LaTeX document class
(d:/PRG/texlive/2019/texmf-dist/tex/latex/base/size12.clo
File: size12.clo 2018/09/03 v1.4i Standard LaTeX file (size option)
)
\c@part=\count80
\c@section=\count81
\c@subsection=\count82
\c@subsubsection=\count83
\c@paragraph=\count84
\c@subparagraph=\count85
\c@figure=\count86
\c@table=\count87
\abovecaptionskip=\skip41
\belowcaptionskip=\skip42
\bibindent=\dimen102
)
(d:/PRG/texlive/2019/texmf-dist/tex/latex/kantlipsum/kantlipsum.sty
(d:/PRG/texlive/2019/texmf-dist/tex/latex/l3kernel/expl3.sty
Package: expl3 2019-05-28 L3 programming layer (loader) 

(d:/PRG/texlive/2019/texmf-dist/tex/latex/l3kernel/expl3-code.tex
Package: expl3 2019-05-28 L3 programming layer (code)
\c_max_int=\count88
\l_tmpa_int=\count89
\l_tmpb_int=\count90
\g_tmpa_int=\count91
\g_tmpb_int=\count92
\g__kernel_prg_map_int=\count93
\c__ior_term_ior=\count94
\c_log_iow=\count95
\l_iow_line_count_int=\count96
\l__iow_line_target_int=\count97
\l__iow_one_indent_int=\count98
\l__iow_indent_int=\count99
\c_zero_dim=\dimen103
\c_max_dim=\dimen104
\l_tmpa_dim=\dimen105
\l_tmpb_dim=\dimen106
\g_tmpa_dim=\dimen107
\g_tmpb_dim=\dimen108
\c_zero_skip=\skip43
\c_max_skip=\skip44
\l_tmpa_skip=\skip45
\l_tmpb_skip=\skip46
\g_tmpa_skip=\skip47
\g_tmpb_skip=\skip48
\c_zero_muskip=\muskip10
\c_max_muskip=\muskip11
\l_tmpa_muskip=\muskip12
\l_tmpb_muskip=\muskip13
\g_tmpa_muskip=\muskip14
\g_tmpb_muskip=\muskip15
\l_keys_choice_int=\count100
\l__intarray_loop_int=\count101
\c__intarray_sp_dim=\dimen109
\g__intarray_font_int=\count102
\c__fp_leading_shift_int=\count103
\c__fp_middle_shift_int=\count104
\c__fp_trailing_shift_int=\count105
\c__fp_big_leading_shift_int=\count106
\c__fp_big_middle_shift_int=\count107
\c__fp_big_trailing_shift_int=\count108
\c__fp_Bigg_leading_shift_int=\count109
\c__fp_Bigg_middle_shift_int=\count110
\c__fp_Bigg_trailing_shift_int=\count111
\g__fp_array_int=\count112
\l__fp_array_loop_int=\count113
\l__sort_length_int=\count114
\l__sort_min_int=\count115
\l__sort_top_int=\count116
\l__sort_max_int=\count117
\l__sort_true_max_int=\count118
\l__sort_block_int=\count119
\l__sort_begin_int=\count120
\l__sort_end_int=\count121
\l__sort_A_int=\count122
\l__sort_B_int=\count123
\l__sort_C_int=\count124
\l__tl_analysis_normal_int=\count125
\l__tl_analysis_index_int=\count126
\l__tl_analysis_nesting_int=\count127
\l__tl_analysis_type_int=\count128
\l__regex_internal_a_int=\count129
\l__regex_internal_b_int=\count130
\l__regex_internal_c_int=\count131
\l__regex_balance_int=\count132
\l__regex_group_level_int=\count133
\l__regex_mode_int=\count134
\c__regex_cs_in_class_mode_int=\count135
\c__regex_cs_mode_int=\count136
\l__regex_catcodes_int=\count137
\l__regex_default_catcodes_int=\count138
\c__regex_catcode_L_int=\count139
\c__regex_catcode_O_int=\count140
\c__regex_catcode_A_int=\count141
\c__regex_all_catcodes_int=\count142
\l__regex_show_lines_int=\count143
\l__regex_min_state_int=\count144
\l__regex_max_state_int=\count145
\l__regex_left_state_int=\count146
\l__regex_right_state_int=\count147
\l__regex_capturing_group_int=\count148
\l__regex_min_pos_int=\count149
\l__regex_max_pos_int=\count150
\l__regex_curr_pos_int=\count151
\l__regex_start_pos_int=\count152
\l__regex_success_pos_int=\count153
\l__regex_curr_char_int=\count154
\l__regex_curr_catcode_int=\count155
\l__regex_last_char_int=\count156
\l__regex_case_changed_char_int=\count157
\l__regex_curr_state_int=\count158
\l__regex_step_int=\count159
\l__regex_min_active_int=\count160
\l__regex_max_active_int=\count161
\l__regex_replacement_csnames_int=\count162
\l__regex_match_count_int=\count163
\l__regex_min_submatch_int=\count164
\l__regex_submatch_int=\count165
\l__regex_zeroth_submatch_int=\count166
\g__regex_trace_regex_int=\count167
\c_empty_box=\box27
\l_tmpa_box=\box28
\l_tmpb_box=\box29
\g_tmpa_box=\box30
\g_tmpb_box=\box31
\l__box_top_dim=\dimen110
\l__box_bottom_dim=\dimen111
\l__box_left_dim=\dimen112
\l__box_right_dim=\dimen113
\l__box_top_new_dim=\dimen114
\l__box_bottom_new_dim=\dimen115
\l__box_left_new_dim=\dimen116
\l__box_right_new_dim=\dimen117
\l__box_internal_box=\box32
\l__coffin_internal_box=\box33
\l__coffin_internal_dim=\dimen118
\l__coffin_offset_x_dim=\dimen119
\l__coffin_offset_y_dim=\dimen120
\l__coffin_x_dim=\dimen121
\l__coffin_y_dim=\dimen122
\l__coffin_x_prime_dim=\dimen123
\l__coffin_y_prime_dim=\dimen124
\c_empty_coffin=\box34
\l__coffin_aligned_coffin=\box35
\l__coffin_aligned_internal_coffin=\box36
\l_tmpa_coffin=\box37
\l_tmpb_coffin=\box38
\g_tmpa_coffin=\box39
\g_tmpb_coffin=\box40
\l__coffin_bounding_shift_dim=\dimen125
\l__coffin_left_corner_dim=\dimen126
\l__coffin_right_corner_dim=\dimen127
\l__coffin_bottom_corner_dim=\dimen128
\l__coffin_top_corner_dim=\dimen129
\l__coffin_scaled_total_height_dim=\dimen130
\l__coffin_scaled_width_dim=\dimen131
\c__coffin_empty_coffin=\box41
\l__coffin_display_coffin=\box42
\l__coffin_display_coord_coffin=\box43
\l__coffin_display_pole_coffin=\box44
\l__coffin_display_offset_dim=\dimen132
\l__coffin_display_x_dim=\dimen133
\l__coffin_display_y_dim=\dimen134
\g__file_internal_ior=\read1
\l__seq_internal_a_int=\count168
\l__seq_internal_b_int=\count169
\c__deprecation_minus_one=\count170
)
(d:/PRG/texlive/2019/texmf-dist/tex/latex/l3kernel/l3xdvipdfmx.def
File: l3xdvipdfmx.def 2019-04-06 v L3 Experimental driver: xdvipdfmx
\l__driver_internal_box=\box45
\g__driver_graphics_int=\count171
\g__driver_pdf_object_int=\count172
\g__driver_pdf_annotation_int=\count173
))
(d:/PRG/texlive/2019/texmf-dist/tex/latex/l3packages/xparse/xparse.sty
Package: xparse 2019-05-28 L3 Experimental document command parser
\l__xparse_current_arg_int=\count174
\g__xparse_grabber_int=\count175
\l__xparse_m_args_int=\count176
\l__xparse_v_nesting_int=\count177
)
Package: kantlipsum 2017/11/16 v0.7 Generate text in Kantian style
\l__kgl_start_int=\count178
\l__kgl_end_int=\count179

Package kantlipsum Info: The package provides paragraphs 1 to 164. Values
(kantlipsum)             outside this range will be ignored.

)
(d:/PRG/texlive/2019/texmf-dist/tex/latex/parskip/parskip.sty
Package: parskip 2019-01-16 v2.0c non-zero parskip adjustments

(d:/PRG/texlive/2019/texmf-dist/tex/latex/oberdiek/kvoptions.sty
Package: kvoptions 2016/05/16 v3.12 Key value format for package options (HO)

(d:/PRG/texlive/2019/texmf-dist/tex/latex/graphics/keyval.sty
Package: keyval 2014/10/28 v1.15 key=value parser (DPC)
\KV@toks@=\toks14
)
(d:/PRG/texlive/2019/texmf-dist/tex/generic/oberdiek/ltxcmds.sty
Package: ltxcmds 2016/05/16 v1.23 LaTeX kernel commands for general use (HO)
)
(d:/PRG/texlive/2019/texmf-dist/tex/generic/oberdiek/kvsetkeys.sty
Package: kvsetkeys 2016/05/16 v1.17 Key value parser (HO)

(d:/PRG/texlive/2019/texmf-dist/tex/generic/oberdiek/infwarerr.sty
Package: infwarerr 2016/05/16 v1.4 Providing info/warning/error messages (HO)
)
(d:/PRG/texlive/2019/texmf-dist/tex/generic/oberdiek/etexcmds.sty
Package: etexcmds 2016/05/16 v1.6 Avoid name clashes with e-TeX commands (HO)

(d:/PRG/texlive/2019/texmf-dist/tex/generic/oberdiek/ifluatex.sty
Package: ifluatex 2016/05/16 v1.4 Provides the ifluatex switch (HO)
Package ifluatex Info: LuaTeX not detected.
))))
(d:/PRG/texlive/2019/texmf-dist/tex/latex/etoolbox/etoolbox.sty
Package: etoolbox 2018/08/19 v2.5f e-TeX tools for LaTeX (JAW)
\etb@tempcnta=\count180
))
(d:/PRG/texlive/2019/texmf-dist/tex/generic/ifxetex/ifxetex.sty
Package: ifxetex 2010/09/12 v0.6 Provides ifxetex conditional
)
(d:/PRG/texlive/2019/texmf-dist/tex/latex/unicode-math/unicode-math.sty
Package: unicode-math 2019/03/04 v0.8o Unicode maths in XeLaTeX and LuaLaTeX

(d:/PRG/texlive/2019/texmf-dist/tex/latex/unicode-math/unicode-math-xetex.sty
Package: unicode-math-xetex 2019/03/04 v0.8o Unicode maths in XeLaTeX and LuaLa
TeX

(d:/PRG/texlive/2019/texmf-dist/tex/latex/l3packages/l3keys2e/l3keys2e.sty
Package: l3keys2e 2019-05-28 LaTeX2e option processing using LaTeX3 keys
)
(d:/PRG/texlive/2019/texmf-dist/tex/latex/fontspec/fontspec.sty
Package: fontspec 2019/03/15 v2.7c Font selection for XeLaTeX and LuaLaTeX

(d:/PRG/texlive/2019/texmf-dist/tex/latex/fontspec/fontspec-xetex.sty
Package: fontspec-xetex 2019/03/15 v2.7c Font selection for XeLaTeX and LuaLaTe
X
\l__fontspec_script_int=\count181
\l__fontspec_language_int=\count182
\l__fontspec_strnum_int=\count183
\l__fontspec_tmp_int=\count184
\l__fontspec_tmpa_int=\count185
\l__fontspec_tmpb_int=\count186
\l__fontspec_tmpc_int=\count187
\l__fontspec_em_int=\count188
\l__fontspec_emdef_int=\count189
\l__fontspec_strong_int=\count190
\l__fontspec_strongdef_int=\count191
\l__fontspec_tmpa_dim=\dimen135
\l__fontspec_tmpb_dim=\dimen136
\l__fontspec_tmpc_dim=\dimen137

(d:/PRG/texlive/2019/texmf-dist/tex/latex/base/fontenc.sty
Package: fontenc 2018/08/11 v2.0j Standard LaTeX package

(d:/PRG/texlive/2019/texmf-dist/tex/latex/base/tuenc.def
File: tuenc.def 2018/08/11 v2.0j Standard LaTeX file
LaTeX Font Info:    Redeclaring font encoding TU on input line 82.
))
(d:/PRG/texlive/2019/texmf-dist/tex/latex/fontspec/fontspec.cfg)
LaTeX Info: Redefining \itshape on input line 4051.
LaTeX Info: Redefining \slshape on input line 4056.
LaTeX Info: Redefining \scshape on input line 4061.
LaTeX Info: Redefining \upshape on input line 4066.
LaTeX Info: Redefining \em on input line 4096.
LaTeX Info: Redefining \emph on input line 4121.
))
(d:/PRG/texlive/2019/texmf-dist/tex/latex/filehook/filehook.sty
Package: filehook 2011/10/12 v0.5d Hooks for input files
)
(d:/PRG/texlive/2019/texmf-dist/tex/latex/base/fix-cm.sty
Package: fix-cm 2015/01/14 v1.1t fixes to LaTeX

(d:/PRG/texlive/2019/texmf-dist/tex/latex/base/ts1enc.def
File: ts1enc.def 2001/06/05 v3.0e (jk/car/fm) Standard LaTeX file
))
\g__um_fam_int=\count192
\g__um_fonts_used_int=\count193
\l__um_primecount_int=\count194
\g__um_primekern_muskip=\muskip16

(d:/PRG/texlive/2019/texmf-dist/tex/latex/unicode-math/unicode-math-table.tex))
)

Package fontspec Info: Font family 'Calibri(0)' created for font 'Calibri'
(fontspec)             with options [Ligatures=TeX,Ligatures=TeX].
(fontspec)              
(fontspec)              This font family consists of the following NFSS
(fontspec)             series/shapes:
(fontspec)              
(fontspec)             - 'normal' (m/n) with NFSS spec.:
(fontspec)             <->"Calibri/OT:script=latn;language=DFLT;mapping=tex-tex
t;"
(fontspec)             - 'small caps'  (m/sc) with NFSS spec.:
(fontspec)             <->"Calibri/OT:script=latn;language=DFLT;+smcp;mapping=t
ex-text;"
(fontspec)             - 'bold' (bx/n) with NFSS spec.:
(fontspec)             <->"Calibri/B/OT:script=latn;language=DFLT;mapping=tex-t
ext;"
(fontspec)             - 'bold small caps'  (bx/sc) with NFSS spec.:
(fontspec)             <->"Calibri/B/OT:script=latn;language=DFLT;+smcp;mapping
=tex-text;"
(fontspec)             - 'italic' (m/it) with NFSS spec.:
(fontspec)             <->"Calibri/I/OT:script=latn;language=DFLT;mapping=tex-t
ext;"
(fontspec)             - 'italic small caps'  (m/itsc) with NFSS spec.:
(fontspec)             <->"Calibri/I/OT:script=latn;language=DFLT;+smcp;mapping
=tex-text;"
(fontspec)             - 'bold italic' (bx/it) with NFSS spec.:
(fontspec)             <->"Calibri/BI/OT:script=latn;language=DFLT;mapping=tex-
text;"
(fontspec)             - 'bold italic small caps'  (bx/itsc) with NFSS spec.:
(fontspec)             <->"Calibri/BI/OT:script=latn;language=DFLT;+smcp;mappin
g=tex-text;"

LaTeX Info: Redefining \rmfamily on input line 17.

Package fontspec Info: Font family 'Calibri(1)' created for font 'Calibri'
(fontspec)             with options [Ligatures=TeX].
(fontspec)              
(fontspec)              This font family consists of the following NFSS
(fontspec)             series/shapes:
(fontspec)              
(fontspec)             - 'normal' (m/n) with NFSS spec.:
(fontspec)             <->"Calibri/OT:script=latn;language=DFLT;mapping=tex-tex
t;"
(fontspec)             - 'small caps'  (m/sc) with NFSS spec.:
(fontspec)             <->"Calibri/OT:script=latn;language=DFLT;+smcp;mapping=t
ex-text;"
(fontspec)             - 'bold' (bx/n) with NFSS spec.:
(fontspec)             <->"Calibri/B/OT:script=latn;language=DFLT;mapping=tex-t
ext;"
(fontspec)             - 'bold small caps'  (bx/sc) with NFSS spec.:
(fontspec)             <->"Calibri/B/OT:script=latn;language=DFLT;+smcp;mapping
=tex-text;"
(fontspec)             - 'italic' (m/it) with NFSS spec.:
(fontspec)             <->"Calibri/I/OT:script=latn;language=DFLT;mapping=tex-t
ext;"
(fontspec)             - 'italic small caps'  (m/itsc) with NFSS spec.:
(fontspec)             <->"Calibri/I/OT:script=latn;language=DFLT;+smcp;mapping
=tex-text;"
(fontspec)             - 'bold italic' (bx/it) with NFSS spec.:
(fontspec)             <->"Calibri/BI/OT:script=latn;language=DFLT;mapping=tex-
text;"
(fontspec)             - 'bold italic small caps'  (bx/itsc) with NFSS spec.:
(fontspec)             <->"Calibri/BI/OT:script=latn;language=DFLT;+smcp;mappin
g=tex-text;"

LaTeX Font Info:    Overwriting math alphabet `\mathrm' in version `normal'
(Font)                  OT1/cmr/m/n --> TU/Calibri(1)/m/n on input line 17.
LaTeX Font Info:    Overwriting math alphabet `\mathit' in version `normal'
(Font)                  OT1/cmr/m/it --> TU/Calibri(1)/m/it on input line 17.
LaTeX Font Info:    Overwriting math alphabet `\mathbf' in version `normal'
(Font)                  OT1/cmr/bx/n --> TU/Calibri(1)/bx/n on input line 17.

Package fontspec Info: Calibri scale = 1.


Package fontspec Info: Calibri scale = 1.


Package fontspec Info: Calibri scale = 1.


Package fontspec Info: Calibri/B scale = 1.


Package fontspec Info: Calibri/B scale = 1.


Package fontspec Info: Calibri/I scale = 0.9976869699306091.


Package fontspec Info: Calibri/I scale = 0.9976869699306091.


Package fontspec Info: Calibri/BI scale = 1.


Package fontspec Info: Calibri/BI scale = 1.


Package fontspec Info: Font family 'Calibri(2)' created for font 'Calibri'
(fontspec)             with options [Scale=MatchUppercase,Ligatures=TeX].
(fontspec)              
(fontspec)              This font family consists of the following NFSS
(fontspec)             series/shapes:
(fontspec)              
(fontspec)             - 'normal' (m/n) with NFSS spec.:
(fontspec)             <->s*[1]"Calibri/OT:script=latn;language=DFLT;mapping=te
x-text;"
(fontspec)             - 'small caps'  (m/sc) with NFSS spec.:
(fontspec)             <->s*[1]"Calibri/OT:script=latn;language=DFLT;+smcp;mapp
ing=tex-text;"
(fontspec)             - 'bold' (bx/n) with NFSS spec.:
(fontspec)             <->s*[1]"Calibri/B/OT:script=latn;language=DFLT;mapping=
tex-text;"
(fontspec)             - 'bold small caps'  (bx/sc) with NFSS spec.:
(fontspec)             <->s*[1]"Calibri/B/OT:script=latn;language=DFLT;+smcp;ma
pping=tex-text;"
(fontspec)             - 'italic' (m/it) with NFSS spec.:
(fontspec)             <->s*[0.9976869699306091]"Calibri/I/OT:script=latn;langu
age=DFLT;mapping=tex-text;"
(fontspec)             - 'italic small caps'  (m/itsc) with NFSS spec.:
(fontspec)             <->s*[0.9976869699306091]"Calibri/I/OT:script=latn;langu
age=DFLT;+smcp;mapping=tex-text;"
(fontspec)             - 'bold italic' (bx/it) with NFSS spec.:
(fontspec)             <->s*[1]"Calibri/BI/OT:script=latn;language=DFLT;mapping
=tex-text;"
(fontspec)             - 'bold italic small caps'  (bx/itsc) with NFSS spec.:
(fontspec)             <->s*[1]"Calibri/BI/OT:script=latn;language=DFLT;+smcp;m
apping=tex-text;"

LaTeX Info: Redefining \sffamily on input line 19.

Package fontspec Info: Calibri scale = 1.


Package fontspec Info: Calibri scale = 1.


Package fontspec Info: Calibri scale = 1.


Package fontspec Info: Calibri/B scale = 1.


Package fontspec Info: Calibri/B scale = 1.


Package fontspec Info: Calibri/I scale = 0.9976869699306091.


Package fontspec Info: Calibri/I scale = 0.9976869699306091.


Package fontspec Info: Calibri/BI scale = 1.


Package fontspec Info: Calibri/BI scale = 1.


Package fontspec Info: Font family 'Calibri(3)' created for font 'Calibri'
(fontspec)             with options [Scale=MatchUppercase].
(fontspec)              
(fontspec)              This font family consists of the following NFSS
(fontspec)             series/shapes:
(fontspec)              
(fontspec)             - 'normal' (m/n) with NFSS spec.:
(fontspec)             <->s*[1]"Calibri/OT:script=latn;language=DFLT;"
(fontspec)             - 'small caps'  (m/sc) with NFSS spec.:
(fontspec)             <->s*[1]"Calibri/OT:script=latn;language=DFLT;+smcp;"
(fontspec)             - 'bold' (bx/n) with NFSS spec.:
(fontspec)             <->s*[1]"Calibri/B/OT:script=latn;language=DFLT;"
(fontspec)             - 'bold small caps'  (bx/sc) with NFSS spec.:
(fontspec)             <->s*[1]"Calibri/B/OT:script=latn;language=DFLT;+smcp;"
(fontspec)             - 'italic' (m/it) with NFSS spec.:
(fontspec)             <->s*[0.9976869699306091]"Calibri/I/OT:script=latn;langu
age=DFLT;"
(fontspec)             - 'italic small caps'  (m/itsc) with NFSS spec.:
(fontspec)             <->s*[0.9976869699306091]"Calibri/I/OT:script=latn;langu
age=DFLT;+smcp;"
(fontspec)             - 'bold italic' (bx/it) with NFSS spec.:
(fontspec)             <->s*[1]"Calibri/BI/OT:script=latn;language=DFLT;"
(fontspec)             - 'bold italic small caps'  (bx/itsc) with NFSS spec.:
(fontspec)             <->s*[1]"Calibri/BI/OT:script=latn;language=DFLT;+smcp;"


LaTeX Font Info:    Overwriting math alphabet `\mathsf' in version `normal'
(Font)                  OT1/cmss/m/n --> TU/Calibri(3)/m/n on input line 19.
LaTeX Font Info:    Overwriting math alphabet `\mathsf' in version `bold'
(Font)                  OT1/cmss/bx/n --> TU/Calibri(3)/bx/n on input line 19.

Package fontspec Info: Consolas scale = 0.9900535577658761.


Package fontspec Info: Consolas scale = 0.9900535577658761.


Package fontspec Info: Consolas/B scale = 0.9900535577658761.


Package fontspec Info: Consolas/I scale = 0.9900535577658761.


Package fontspec Info: Consolas/BI scale = 0.9900535577658761.


Package fontspec Info: Font family 'Consolas(0)' created for font 'Consolas'
(fontspec)             with options
(fontspec)             [Scale=MatchUppercase,WordSpace={1,0,0},HyphenChar=None,
PunctuationSpace=WordSpace].
(fontspec)              
(fontspec)              This font family consists of the following NFSS
(fontspec)             series/shapes:
(fontspec)              
(fontspec)             - 'normal' (m/n) with NFSS spec.:
(fontspec)             <->s*[0.9900535577658761]"Consolas/OT:script=latn;langua
ge=DFLT;"
(fontspec)             - 'small caps'  (m/sc) with NFSS spec.: 
(fontspec)             and font adjustment code:
(fontspec)             \fontdimen 2\font =1\fontdimen 2\font \fontdimen 3\font
(fontspec)             =0\fontdimen 3\font \fontdimen 4\font =0\fontdimen
(fontspec)             4\font \fontdimen 7\font =0\fontdimen 2\font
(fontspec)             \tex_hyphenchar:D \font =-1\scan_stop: 
(fontspec)             - 'bold' (bx/n) with NFSS spec.:
(fontspec)             <->s*[0.9900535577658761]"Consolas/B/OT:script=latn;lang
uage=DFLT;"
(fontspec)             - 'bold small caps'  (bx/sc) with NFSS spec.: 
(fontspec)             and font adjustment code:
(fontspec)             \fontdimen 2\font =1\fontdimen 2\font \fontdimen 3\font
(fontspec)             =0\fontdimen 3\font \fontdimen 4\font =0\fontdimen
(fontspec)             4\font \fontdimen 7\font =0\fontdimen 2\font
(fontspec)             \tex_hyphenchar:D \font =-1\scan_stop: 
(fontspec)             - 'italic' (m/it) with NFSS spec.:
(fontspec)             <->s*[0.9900535577658761]"Consolas/I/OT:script=latn;lang
uage=DFLT;"
(fontspec)             - 'italic small caps'  (m/itsc) with NFSS spec.: 
(fontspec)             and font adjustment code:
(fontspec)             \fontdimen 2\font =1\fontdimen 2\font \fontdimen 3\font
(fontspec)             =0\fontdimen 3\font \fontdimen 4\font =0\fontdimen
(fontspec)             4\font \fontdimen 7\font =0\fontdimen 2\font
(fontspec)             \tex_hyphenchar:D \font =-1\scan_stop: 
(fontspec)             - 'bold italic' (bx/it) with NFSS spec.:
(fontspec)             <->s*[0.9900535577658761]"Consolas/BI/OT:script=latn;lan
guage=DFLT;"
(fontspec)             - 'bold italic small caps'  (bx/itsc) with NFSS spec.: 
(fontspec)             and font adjustment code:
(fontspec)             \fontdimen 2\font =1\fontdimen 2\font \fontdimen 3\font
(fontspec)             =0\fontdimen 3\font \fontdimen 4\font =0\fontdimen
(fontspec)             4\font \fontdimen 7\font =0\fontdimen 2\font
(fontspec)             \tex_hyphenchar:D \font =-1\scan_stop: 

LaTeX Info: Redefining \ttfamily on input line 20.

Package fontspec Info: Consolas scale = 0.9900535577658761.


Package fontspec Info: Consolas scale = 0.9900535577658761.


Package fontspec Info: Consolas/B scale = 0.9900535577658761.


Package fontspec Info: Consolas/I scale = 0.9900535577658761.


Package fontspec Info: Consolas/BI scale = 0.9900535577658761.


Package fontspec Info: Font family 'Consolas(1)' created for font 'Consolas'
(fontspec)             with options [Scale=MatchUppercase].
(fontspec)              
(fontspec)              This font family consists of the following NFSS
(fontspec)             series/shapes:
(fontspec)              
(fontspec)             - 'normal' (m/n) with NFSS spec.:
(fontspec)             <->s*[0.9900535577658761]"Consolas/OT:script=latn;langua
ge=DFLT;"
(fontspec)             - 'small caps'  (m/sc) with NFSS spec.: 
(fontspec)             - 'bold' (bx/n) with NFSS spec.:
(fontspec)             <->s*[0.9900535577658761]"Consolas/B/OT:script=latn;lang
uage=DFLT;"
(fontspec)             - 'bold small caps'  (bx/sc) with NFSS spec.: 
(fontspec)             - 'italic' (m/it) with NFSS spec.:
(fontspec)             <->s*[0.9900535577658761]"Consolas/I/OT:script=latn;lang
uage=DFLT;"
(fontspec)             - 'italic small caps'  (m/itsc) with NFSS spec.: 
(fontspec)             - 'bold italic' (bx/it) with NFSS spec.:
(fontspec)             <->s*[0.9900535577658761]"Consolas/BI/OT:script=latn;lan
guage=DFLT;"
(fontspec)             - 'bold italic small caps'  (bx/itsc) with NFSS spec.: 

LaTeX Font Info:    Overwriting math alphabet `\mathtt' in version `normal'
(Font)                  OT1/cmtt/m/n --> TU/Consolas(1)/m/n on input line 20.
LaTeX Font Info:    Overwriting math alphabet `\mathtt' in version `bold'
(Font)                  OT1/cmtt/m/n --> TU/Consolas(1)/bx/n on input line 20.

Package fontspec Info: Cambria Math scale = 0.947985347985348.


Package fontspec Info: Could not resolve font "Cambria Math/B" (it probably
(fontspec)             doesn't exist).


Package fontspec Info: Cambria Math scale = 0.947985347985348.


Package fontspec Info: Font family 'CambriaMath(0)' created for font 'Cambria
(fontspec)             Math' with options
(fontspec)             [Scale=MatchUppercase,BoldItalicFont={},ItalicFont={},Sm
allCapsFont={},Script=Math].
(fontspec)              
(fontspec)              This font family consists of the following NFSS
(fontspec)             series/shapes:
(fontspec)              
(fontspec)             - 'normal' (m/n) with NFSS spec.:
(fontspec)             <->s*[0.947985347985348]"Cambria
(fontspec)             Math/OT:script=math;language=DFLT;"
(fontspec)             - 'small caps'  (m/sc) with NFSS spec.: 

LaTeX Font Info:    Font shape `TU/CambriaMath(0)/m/n' will be
(Font)              scaled to size 11.3758pt on input line 21.

Package fontspec Info: Cambria Math scale = 0.947985347985348.


Package fontspec Info: Could not resolve font "Cambria Math/B" (it probably
(fontspec)             doesn't exist).


Package fontspec Info: Cambria Math scale = 0.947985347985348.


Package fontspec Info: Cambria Math scale = 0.947985347985348.


Package fontspec Info: Cambria Math scale = 0.947985347985348.


Package fontspec Info: Font family 'CambriaMath(1)' created for font 'Cambria
(fontspec)             Math' with options
(fontspec)             [Scale=MatchUppercase,BoldItalicFont={},ItalicFont={},Sm
allCapsFont={},Script=Math,SizeFeatures={{Size=10.38-},{Size=7.98-10.38,Font=Ca
mbria
(fontspec)             Math,Style=MathScript},{Size=-7.98,Font=Cambria
(fontspec)             Math,Style=MathScriptScript}}].
(fontspec)              
(fontspec)              This font family consists of the following NFSS
(fontspec)             series/shapes:
(fontspec)              
(fontspec)             - 'normal' (m/n) with NFSS spec.:
(fontspec)             <10.38->s*[0.947985347985348]"Cambria
(fontspec)             Math/OT:script=math;language=DFLT;"<7.98-10.38>s*[0.9479
85347985348]"Cambria
(fontspec)             Math/OT:script=math;language=DFLT;+ssty=0;"<-7.98>s*[0.9
47985347985348]"Cambria
(fontspec)             Math/OT:script=math;language=DFLT;+ssty=1;"
(fontspec)             - 'small caps'  (m/sc) with NFSS spec.: 

LaTeX Font Info:    Font shape `TU/CambriaMath(1)/m/n' will be
(Font)              scaled to size 11.3758pt on input line 21.
LaTeX Font Info:    Encoding `OT1' has changed to `TU' for symbol font
(Font)              `operators' in the math version `normal' on input line 21.
LaTeX Font Info:    Overwriting symbol font `operators' in version `normal'
(Font)                  OT1/cmr/m/n --> TU/CambriaMath(1)/m/n on input line 21.

LaTeX Font Info:    Encoding `OT1' has changed to `TU' for symbol font
(Font)              `operators' in the math version `bold' on input line 21.
LaTeX Font Info:    Overwriting symbol font `operators' in version `bold'
(Font)                  OT1/cmr/bx/n --> TU/CambriaMath(1)/bx/n on input line 2
1.

Package fontspec Info: Cambria Math scale = 0.947985347985348.


Package fontspec Info: Cambria Math scale = 0.9480801465201465.


Package fontspec Info: Could not resolve font "Cambria Math/B" (it probably
(fontspec)             doesn't exist).


Package fontspec Info: Cambria Math scale = 0.947985347985348.


Package fontspec Info: Cambria Math scale = 0.9480801465201465.


Package fontspec Info: Cambria Math scale = 0.947985347985348.


Package fontspec Info: Cambria Math scale = 0.9480801465201465.


Package fontspec Info: Cambria Math scale = 0.947985347985348.


Package fontspec Info: Cambria Math scale = 0.9480801465201465.


Package fontspec Info: Font family 'CambriaMath(2)' created for font 'Cambria
(fontspec)             Math' with options
(fontspec)             [Scale=MatchUppercase,BoldItalicFont={},ItalicFont={},Sm
allCapsFont={},Script=Math,SizeFeatures={{Size=10.38-},{Size=7.98-10.38,Font=Ca
mbria
(fontspec)             Math,Style=MathScript},{Size=-7.98,Font=Cambria
(fontspec)             Math,Style=MathScriptScript}},ScaleAgain=1.0001,FontAdju
stment={\fontdimen
(fontspec)             8\font =8.6096pt\relax \fontdimen 9\font
(fontspec)             =6.6655pt\relax \fontdimen 10\font =5.22131pt\relax
(fontspec)             \fontdimen 11\font =7.60979pt\relax \fontdimen 12\font
(fontspec)             =5.72122pt\relax \fontdimen 13\font =4.16594pt\relax
(fontspec)             \fontdimen 14\font =4.16594pt\relax \fontdimen 15\font
(fontspec)             =3.41608pt\relax \fontdimen 16\font =2.32182pt\relax
(fontspec)             \fontdimen 17\font =2.32182pt\relax \fontdimen 18\font
(fontspec)             =2.55511pt\relax \fontdimen 19\font =1.77747pt\relax
(fontspec)             \fontdimen 22\font =3.24944pt\relax \fontdimen 20\font
(fontspec)             =0pt\relax \fontdimen 21\font =0pt\relax }].
(fontspec)              
(fontspec)              This font family consists of the following NFSS
(fontspec)             series/shapes:
(fontspec)              
(fontspec)             - 'normal' (m/n) with NFSS spec.:
(fontspec)             <10.38->s*[0.9480801465201465]"Cambria
(fontspec)             Math/OT:script=math;language=DFLT;"<7.98-10.38>s*[0.9480
801465201465]"Cambria
(fontspec)             Math/OT:script=math;language=DFLT;+ssty=0;"<-7.98>s*[0.9
480801465201465]"Cambria
(fontspec)             Math/OT:script=math;language=DFLT;+ssty=1;"
(fontspec)             - 'small caps'  (m/sc) with NFSS spec.: 
(fontspec)             and font adjustment code:
(fontspec)             \fontdimen 8\font =8.6096pt\relax \fontdimen 9\font
(fontspec)             =6.6655pt\relax \fontdimen 10\font =5.22131pt\relax
(fontspec)             \fontdimen 11\font =7.60979pt\relax \fontdimen 12\font
(fontspec)             =5.72122pt\relax \fontdimen 13\font =4.16594pt\relax
(fontspec)             \fontdimen 14\font =4.16594pt\relax \fontdimen 15\font
(fontspec)             =3.41608pt\relax \fontdimen 16\font =2.32182pt\relax
(fontspec)             \fontdimen 17\font =2.32182pt\relax \fontdimen 18\font
(fontspec)             =2.55511pt\relax \fontdimen 19\font =1.77747pt\relax
(fontspec)             \fontdimen 22\font =3.24944pt\relax \fontdimen 20\font
(fontspec)             =0pt\relax \fontdimen 21\font =0pt\relax 

LaTeX Font Info:    Encoding `OMS' has changed to `TU' for symbol font
(Font)              `symbols' in the math version `normal' on input line 21.
LaTeX Font Info:    Overwriting symbol font `symbols' in version `normal'
(Font)                  OMS/cmsy/m/n --> TU/CambriaMath(2)/m/n on input line 21
.
LaTeX Font Info:    Encoding `OMS' has changed to `TU' for symbol font
(Font)              `symbols' in the math version `bold' on input line 21.
LaTeX Font Info:    Overwriting symbol font `symbols' in version `bold'
(Font)                  OMS/cmsy/b/n --> TU/CambriaMath(2)/bx/n on input line 2
1.

Package fontspec Info: Cambria Math scale = 0.947985347985348.


Package fontspec Info: Cambria Math scale = 0.9478905494505495.


Package fontspec Info: Could not resolve font "Cambria Math/B" (it probably
(fontspec)             doesn't exist).


Package fontspec Info: Cambria Math scale = 0.947985347985348.


Package fontspec Info: Cambria Math scale = 0.9478905494505495.


Package fontspec Info: Cambria Math scale = 0.947985347985348.


Package fontspec Info: Cambria Math scale = 0.9478905494505495.


Package fontspec Info: Cambria Math scale = 0.947985347985348.


Package fontspec Info: Cambria Math scale = 0.9478905494505495.


Package fontspec Info: Font family 'CambriaMath(3)' created for font 'Cambria
(fontspec)             Math' with options
(fontspec)             [Scale=MatchUppercase,BoldItalicFont={},ItalicFont={},Sm
allCapsFont={},Script=Math,SizeFeatures={{Size=10.38-},{Size=7.98-10.38,Font=Ca
mbria
(fontspec)             Math,Style=MathScript},{Size=-7.98,Font=Cambria
(fontspec)             Math,Style=MathScriptScript}},ScaleAgain=0.9999,FontAdju
stment={\fontdimen
(fontspec)             8\font =0.73875pt\relax \fontdimen 9\font
(fontspec)             =0.73875pt\relax \fontdimen 10\font =0.73875pt\relax
(fontspec)             \fontdimen 11\font =2.7773pt\relax \fontdimen 12\font
(fontspec)             =6.8877pt\relax \fontdimen 13\font =0pt\relax }].
(fontspec)              
(fontspec)              This font family consists of the following NFSS
(fontspec)             series/shapes:
(fontspec)              
(fontspec)             - 'normal' (m/n) with NFSS spec.:
(fontspec)             <10.38->s*[0.9478905494505495]"Cambria
(fontspec)             Math/OT:script=math;language=DFLT;"<7.98-10.38>s*[0.9478
905494505495]"Cambria
(fontspec)             Math/OT:script=math;language=DFLT;+ssty=0;"<-7.98>s*[0.9
478905494505495]"Cambria
(fontspec)             Math/OT:script=math;language=DFLT;+ssty=1;"
(fontspec)             - 'small caps'  (m/sc) with NFSS spec.: 
(fontspec)             and font adjustment code:
(fontspec)             \fontdimen 8\font =0.73875pt\relax \fontdimen 9\font
(fontspec)             =0.73875pt\relax \fontdimen 10\font =0.73875pt\relax
(fontspec)             \fontdimen 11\font =2.7773pt\relax \fontdimen 12\font
(fontspec)             =6.8877pt\relax \fontdimen 13\font =0pt\relax 

LaTeX Font Info:    Encoding `OMX' has changed to `TU' for symbol font
(Font)              `largesymbols' in the math version `normal' on input line 2
1.
LaTeX Font Info:    Overwriting symbol font `largesymbols' in version `normal'
(Font)                  OMX/cmex/m/n --> TU/CambriaMath(3)/m/n on input line 21
.
LaTeX Font Info:    Encoding `OMX' has changed to `TU' for symbol font
(Font)              `largesymbols' in the math version `bold' on input line 21.

LaTeX Font Info:    Overwriting symbol font `largesymbols' in version `bold'
(Font)                  OMX/cmex/m/n --> TU/CambriaMath(3)/bx/n on input line 2
1.


Package fontspec Warning: Font "Calibri" does not contain requested Script
(fontspec)                "Math".


Package fontspec Info: Calibri scale = 1.


Package fontspec Info: Calibri scale = 1.


Package fontspec Info: Calibri scale = 1.


Package fontspec Warning: OpenType feature 'Style=MathScript' (ssty) not
(fontspec)                available for font 'Calibri' with script
(fontspec)                'CustomDefault' and language 'Default'.


Package fontspec Info: Calibri scale = 1.


Package fontspec Warning: OpenType feature 'Style=MathScriptScript' (ssty) not
(fontspec)                available for font 'Calibri' with script
(fontspec)                'CustomDefault' and language 'Default'.


Package fontspec Info: Calibri/B scale = 1.


Package fontspec Info: Font family 'Calibri(4)' created for font 'Calibri'
(fontspec)             with options
(fontspec)             [Scale=MatchUppercase,BoldItalicFont={},ItalicFont={},Sm
allCapsFont={},Script=Math,SizeFeatures={{Size=10.38-},{Size=7.98-10.38,Font=Ca
libri,Style=MathScript},{Size=-7.98,Font=Calibri,Style=MathScriptScript}}].
(fontspec)              
(fontspec)              This font family consists of the following NFSS
(fontspec)             series/shapes:
(fontspec)              
(fontspec)             - 'normal' (m/n) with NFSS spec.:
(fontspec)             <10.38->s*[1]"Calibri/OT:script=latn;language=DFLT;"<7.9
8-10.38>s*[1]"Calibri/OT:script=latn;language=DFLT;"<-7.98>s*[1]"Calibri/OT:scr
ipt=latn;language=DFLT;"
(fontspec)             - 'small caps'  (m/sc) with NFSS spec.: 
(fontspec)             - 'bold' (bx/n) with NFSS spec.:
(fontspec)             <->s*[1]"Calibri/B/OT:script=latn;language=DFLT;"
(fontspec)             - 'bold small caps'  (bx/sc) with NFSS spec.: 

LaTeX Font Info:    Font shape `TU/Calibri(4)/m/n' will be
(Font)              scaled to size 12.0pt on input line 22.
\sym__um_fam1=\mathgroup4
LaTeX Font Info:    Overwriting symbol font `__um_fam1' in version `normal'
(Font)                  TU/Calibri(4)/m/n --> TU/Calibri(4)/m/n on input line 2
2.
LaTeX Font Info:    Overwriting symbol font `__um_fam1' in version `bold'
(Font)                  TU/Calibri(4)/m/n --> TU/Calibri(4)/bx/n on input line 
22.

Package fontspec Warning: Font "Calibri Italic" does not contain requested
(fontspec)                Script "Math".


Package fontspec Info: Calibri Italic scale = 0.9976869699306091.


Package fontspec Info: Calibri Italic scale = 0.9976869699306091.


Package fontspec Info: Calibri Italic scale = 0.9976869699306091.


Package fontspec Warning: OpenType feature 'Style=MathScript' (ssty) not
(fontspec)                available for font 'Calibri Italic' with script
(fontspec)                'CustomDefault' and language 'Default'.


Package fontspec Info: Calibri Italic scale = 0.9976869699306091.


Package fontspec Warning: OpenType feature 'Style=MathScriptScript' (ssty) not
(fontspec)                available for font 'Calibri Italic' with script
(fontspec)                'CustomDefault' and language 'Default'.


Package fontspec Info: Calibri Italic/B scale = 1.


Package fontspec Info: Font family 'CalibriItalic(0)' created for font
(fontspec)             'Calibri Italic' with options
(fontspec)             [Scale=MatchUppercase,BoldItalicFont={},ItalicFont={},Sm
allCapsFont={},Script=Math,SizeFeatures={{Size=10.38-},{Size=7.98-10.38,Font=Ca
libri
(fontspec)             Italic,Style=MathScript},{Size=-7.98,Font=Calibri
(fontspec)             Italic,Style=MathScriptScript}}].
(fontspec)              
(fontspec)              This font family consists of the following NFSS
(fontspec)             series/shapes:
(fontspec)              
(fontspec)             - 'normal' (m/n) with NFSS spec.:
(fontspec)             <10.38->s*[0.9976869699306091]"Calibri
(fontspec)             Italic/OT:script=latn;language=DFLT;"<7.98-10.38>s*[0.99
76869699306091]"Calibri
(fontspec)             Italic/OT:script=latn;language=DFLT;"<-7.98>s*[0.9976869
699306091]"Calibri
(fontspec)             Italic/OT:script=latn;language=DFLT;"
(fontspec)             - 'small caps'  (m/sc) with NFSS spec.: 
(fontspec)             - 'bold' (bx/n) with NFSS spec.: <->s*[1]"Calibri
(fontspec)             Italic/B/OT:script=latn;language=DFLT;"
(fontspec)             - 'bold small caps'  (bx/sc) with NFSS spec.: 

LaTeX Font Info:    Font shape `TU/CalibriItalic(0)/m/n' will be
(Font)              scaled to size 11.97217pt on input line 23.
\sym__um_fam2=\mathgroup5
LaTeX Font Info:    Overwriting symbol font `__um_fam2' in version `normal'
(Font)                  TU/CalibriItalic(0)/m/n --> TU/CalibriItalic(0)/m/n on 
input line 23.
LaTeX Font Info:    Overwriting symbol font `__um_fam2' in version `bold'
(Font)                  TU/CalibriItalic(0)/m/n --> TU/CalibriItalic(0)/bx/n on
 input line 23.

Package fontspec Warning: Font "Calibri Bold" does not contain requested
(fontspec)                Script "Math".


Package fontspec Info: Calibri Bold scale = 1.


Package fontspec Info: Could not resolve font "Calibri Bold/B" (it probably
(fontspec)             doesn't exist).


Package fontspec Info: Calibri Bold scale = 1.


Package fontspec Info: Calibri Bold scale = 1.


Package fontspec Warning: OpenType feature 'Style=MathScript' (ssty) not
(fontspec)                available for font 'Calibri Bold' with script
(fontspec)                'CustomDefault' and language 'Default'.


Package fontspec Info: Calibri Bold scale = 1.


Package fontspec Warning: OpenType feature 'Style=MathScriptScript' (ssty) not
(fontspec)                available for font 'Calibri Bold' with script
(fontspec)                'CustomDefault' and language 'Default'.


Package fontspec Info: Font family 'CalibriBold(0)' created for font 'Calibri
(fontspec)             Bold' with options
(fontspec)             [Scale=MatchUppercase,BoldItalicFont={},ItalicFont={},Sm
allCapsFont={},Script=Math,SizeFeatures={{Size=10.38-},{Size=7.98-10.38,Font=Ca
libri
(fontspec)             Bold,Style=MathScript},{Size=-7.98,Font=Calibri
(fontspec)             Bold,Style=MathScriptScript}}].
(fontspec)              
(fontspec)              This font family consists of the following NFSS
(fontspec)             series/shapes:
(fontspec)              
(fontspec)             - 'normal' (m/n) with NFSS spec.: <10.38->s*[1]"Calibri
(fontspec)             Bold/OT:script=latn;language=DFLT;"<7.98-10.38>s*[1]"Cal
ibri
(fontspec)             Bold/OT:script=latn;language=DFLT;"<-7.98>s*[1]"Calibri
(fontspec)             Bold/OT:script=latn;language=DFLT;"
(fontspec)             - 'small caps'  (m/sc) with NFSS spec.: 

LaTeX Font Info:    Font shape `TU/CalibriBold(0)/m/n' will be
(Font)              scaled to size 12.0pt on input line 24.
\sym__um_fam3=\mathgroup6
LaTeX Font Info:    Overwriting symbol font `__um_fam3' in version `normal'
(Font)                  TU/CalibriBold(0)/m/n --> TU/CalibriBold(0)/m/n on inpu
t line 24.
LaTeX Font Info:    Overwriting symbol font `__um_fam3' in version `bold'
(Font)                  TU/CalibriBold(0)/m/n --> TU/CalibriBold(0)/bx/n on inp
ut line 24.

Package fontspec Warning: Font "Calibri Bold Italic" does not contain
(fontspec)                requested Script "Math".


Package fontspec Info: Calibri Bold Italic scale = 1.


Package fontspec Info: Could not resolve font "Calibri Bold Italic/B" (it
(fontspec)             probably doesn't exist).


Package fontspec Info: Calibri Bold Italic scale = 1.


Package fontspec Info: Calibri Bold Italic scale = 1.


Package fontspec Warning: OpenType feature 'Style=MathScript' (ssty) not
(fontspec)                available for font 'Calibri Bold Italic' with script
(fontspec)                'CustomDefault' and language 'Default'.


Package fontspec Info: Calibri Bold Italic scale = 1.


Package fontspec Warning: OpenType feature 'Style=MathScriptScript' (ssty) not
(fontspec)                available for font 'Calibri Bold Italic' with script
(fontspec)                'CustomDefault' and language 'Default'.


Package fontspec Info: Font family 'CalibriBoldItalic(0)' created for font
(fontspec)             'Calibri Bold Italic' with options
(fontspec)             [Scale=MatchUppercase,BoldItalicFont={},ItalicFont={},Sm
allCapsFont={},Script=Math,SizeFeatures={{Size=10.38-},{Size=7.98-10.38,Font=Ca
libri
(fontspec)             Bold Italic,Style=MathScript},{Size=-7.98,Font=Calibri
(fontspec)             Bold Italic,Style=MathScriptScript}}].
(fontspec)              
(fontspec)              This font family consists of the following NFSS
(fontspec)             series/shapes:
(fontspec)              
(fontspec)             - 'normal' (m/n) with NFSS spec.: <10.38->s*[1]"Calibri
(fontspec)             Bold
(fontspec)             Italic/OT:script=latn;language=DFLT;"<7.98-10.38>s*[1]"C
alibri
(fontspec)             Bold
(fontspec)             Italic/OT:script=latn;language=DFLT;"<-7.98>s*[1]"Calibr
i
(fontspec)             Bold Italic/OT:script=latn;language=DFLT;"
(fontspec)             - 'small caps'  (m/sc) with NFSS spec.: 

LaTeX Font Info:    Font shape `TU/CalibriBoldItalic(0)/m/n' will be
(Font)              scaled to size 12.0pt on input line 25.
\sym__um_fam4=\mathgroup7
LaTeX Font Info:    Overwriting symbol font `__um_fam4' in version `normal'
(Font)                  TU/CalibriBoldItalic(0)/m/n --> TU/CalibriBoldItalic(0)
/m/n on input line 25.
LaTeX Font Info:    Overwriting symbol font `__um_fam4' in version `bold'
(Font)                  TU/CalibriBoldItalic(0)/m/n --> TU/CalibriBoldItalic(0)
/bx/n on input line 25.
(./calibri.aux)
\openout1 = `calibri.aux'.

LaTeX Font Info:    Checking defaults for OML/cmm/m/it on input line 37.
LaTeX Font Info:    ... okay on input line 37.
LaTeX Font Info:    Checking defaults for T1/cmr/m/n on input line 37.
LaTeX Font Info:    ... okay on input line 37.
LaTeX Font Info:    Checking defaults for OT1/cmr/m/n on input line 37.
LaTeX Font Info:    ... okay on input line 37.
LaTeX Font Info:    Checking defaults for OMS/cmsy/m/n on input line 37.
LaTeX Font Info:    ... okay on input line 37.
LaTeX Font Info:    Checking defaults for TU/lmr/m/n on input line 37.
LaTeX Font Info:    ... okay on input line 37.
LaTeX Font Info:    Checking defaults for OMX/cmex/m/n on input line 37.
LaTeX Font Info:    ... okay on input line 37.
LaTeX Font Info:    Checking defaults for U/cmr/m/n on input line 37.
LaTeX Font Info:    ... okay on input line 37.
LaTeX Font Info:    Checking defaults for TS1/cmr/m/n on input line 37.
LaTeX Font Info:    ... okay on input line 37.
LaTeX Font Info:    Font shape `TU/CambriaMath(1)/m/n' will be
(Font)              scaled to size 8.30432pt on input line 42.
LaTeX Font Info:    Font shape `TU/CambriaMath(1)/m/n' will be
(Font)              scaled to size 6.82547pt on input line 42.
LaTeX Font Info:    Font shape `TU/CambriaMath(2)/m/n' will be
(Font)              scaled to size 11.37689pt on input line 42.
LaTeX Font Info:    Font shape `TU/CambriaMath(2)/m/n' will be
(Font)              scaled to size 8.30511pt on input line 42.
LaTeX Font Info:    Font shape `TU/CambriaMath(2)/m/n' will be
(Font)              scaled to size 6.82613pt on input line 42.
LaTeX Font Info:    Font shape `TU/CambriaMath(3)/m/n' will be
(Font)              scaled to size 11.3747pt on input line 42.
LaTeX Font Info:    Font shape `TU/CambriaMath(3)/m/n' will be
(Font)              scaled to size 8.30351pt on input line 42.
LaTeX Font Info:    Font shape `TU/CambriaMath(3)/m/n' will be
(Font)              scaled to size 6.82481pt on input line 42.
LaTeX Font Info:    Font shape `TU/Calibri(4)/m/n' will be
(Font)              scaled to size 8.76pt on input line 42.
LaTeX Font Info:    Font shape `TU/Calibri(4)/m/n' will be
(Font)              scaled to size 7.2pt on input line 42.
LaTeX Font Info:    Font shape `TU/CalibriItalic(0)/m/n' will be
(Font)              scaled to size 8.73967pt on input line 42.
LaTeX Font Info:    Font shape `TU/CalibriItalic(0)/m/n' will be
(Font)              scaled to size 7.18329pt on input line 42.
LaTeX Font Info:    Font shape `TU/CalibriBold(0)/m/n' will be
(Font)              scaled to size 8.76pt on input line 42.
LaTeX Font Info:    Font shape `TU/CalibriBold(0)/m/n' will be
(Font)              scaled to size 7.2pt on input line 42.
LaTeX Font Info:    Font shape `TU/CalibriBoldItalic(0)/m/n' will be
(Font)              scaled to size 8.76pt on input line 42.
LaTeX Font Info:    Font shape `TU/CalibriBoldItalic(0)/m/n' will be
(Font)              scaled to size 7.2pt on input line 42.
LaTeX Font Info:    Font shape `TU/Consolas(0)/m/n' will be
(Font)              scaled to size 11.88062pt on input line 43.
LaTeX Font Info:    Font shape `TU/Calibri(0)/m/sl' in size <12> not available
(Font)              Font shape `TU/Calibri(0)/m/it' tried instead on input line
 47.
 [1

] (./calibri.aux) ) 
Here is how much of TeX's memory you used:
 16966 strings out of 492909
 348514 string characters out of 6134612
 1050742 words of memory out of 5000000
 20917 multiletter control sequences out of 15000+600000
 534544 words of font info for 83 fonts, out of 8000000 for 9000
 1348 hyphenation exceptions out of 8191
 49i,7n,118p,794b,2763s stack positions out of 5000i,500n,10000p,200000b,80000s

Output written on calibri.pdf (1 page).
