This is LuaTeX, Version 1.10.0 (TeX Live 2019/W32TeX)  (format=lualatex 2019.6.5)  27 JUN 2019 19:25
 restricted system commands enabled.
**finding_engine.tex
(./finding_engine.tex
LaTeX2e <2018-12-01>
Lua module: luaotfload-main 2019-05-18 2.97 luaotfload entry point
Lua module: luaotfload-init 2019-05-18 2.97 luaotfload submodule / initializatio
n
Lua module: lualibs 2019-05-18 2.65 ConTeXt Lua standard libraries.
Lua module: lualibs-extended 2019-05-18 2.65 ConTeXt Lua libraries -- extended c
ollection.
Lua module: luaotfload-log 2019-05-18 2.97 luaotfload submodule / logging
Lua module: luaotfload-parsers 2019-05-18 2.97 luaotfload submodule / filelist
Lua module: luaotfload-configuration 2019-05-18 2.97 luaotfload submodule / conf
ig file reader
luaotfload | conf : Root cache directory is D:/PRG/texlive/2019/texmf-var/luatex
-cache/generic/names.
luaotfload | init : Loading fontloader “fontloader-2019-05-18.lua” from kpse
-resolved path “d:/PRG/texlive/2019/texmf-dist/tex/luatex/luaotfload/fontloade
r-2019-05-18.lua”.
Lua-only attribute luaotfload@state = 2
Lua-only attribute luaotfload@noligature = 3
Lua-only attribute luaotfload@syllabe = 4
luaotfload | init : Context OpenType loader version “3.108”
Inserting `luaotfload.node_processor' at position 1 in `pre_linebreak_filter'.
Inserting `luaotfload.node_processor' at position 1 in `hpack_filter'.
Lua module: luaotfload-loaders 2019-05-18 2.97 luaotfload submodule / callback h
andling
Inserting `luaotfload.define_font' at position 1 in `define_font'.
Lua module: luaotfload-database 2019-05-18 2.97 luaotfload submodule / database
Lua module: luaotfload-colors 2019-05-18 2.97 luaotfload submodule / color
Lua-only attribute luaotfload_color_attribute = 5
Lua module: luaotfload-resolvers 2019-05-18 2.97 luaotfload submodule / resolver
s
luaotfload | conf : Root cache directory is D:/PRG/texlive/2019/texmf-var/luatex
-cache/generic/names.
Lua module: luaotfload-features 2019-05-18 2.97 luaotfload submodule / features
Lua module: luaotfload-letterspace 2019-05-18 2.97 luaotfload submodule / color
Lua module: luaotfload-auxiliary 2019-05-18 2.97 luaotfload submodule / auxiliar
y functions
Inserting `luaotfload.aux.set_sscale_dimens' at position 1 in `luaotfload.patch_
font'.
Inserting `luaotfload.aux.patch_cambria_domh' at position 2 in `luaotfload.patch
_font'.
Inserting `luaotfload.aux.fixup_fontdata' at position 1 in `luaotfload.patch_fon
t_unsafe'.
Inserting `luaotfload.aux.set_capheight' at position 3 in `luaotfload.patch_font
'.
Inserting `luaotfload.rewrite_fontname' at position 4 in `luaotfload.patch_font'
.
luaotfload | main : initialization completed in 0.172 seconds
(d:/PRG/texlive/2019/texmf-dist/tex/latex/base/article.cls
Document Class: article 2018/09/03 v1.4i Standard LaTeX document class
(d:/PRG/texlive/2019/texmf-dist/tex/latex/base/size12.clo
File: size12.clo 2018/09/03 v1.4i Standard LaTeX file (size option)
luaotfload | db : Font names database loaded from D:/PRG/texlive/2019/texmf-var/
luatex-cache/generic/names/luaotfload-names.luc)
\c@part=\count80
\c@section=\count81
\c@subsection=\count82
\c@subsubsection=\count83
\c@paragraph=\count84
\c@subparagraph=\count85
\c@figure=\count86
\c@table=\count87
\abovecaptionskip=\skip41
\belowcaptionskip=\skip42
\bibindent=\dimen102
)
(d:/PRG/texlive/2019/texmf-dist/tex/generic/oberdiek/ifluatex.sty
Package: ifluatex 2016/05/16 v1.4 Provides the ifluatex switch (HO)
Package ifluatex Info: LuaTeX detected.
)
(d:/PRG/texlive/2019/texmf-dist/tex/generic/ifxetex/ifxetex.sty
Package: ifxetex 2010/09/12 v0.6 Provides ifxetex conditional
)
\bookmajorversion=\count88
\bookminorversion=\count89

(./finding_engine.aux)
\openout1 = finding_engine.aux

LaTeX Font Info:    Checking defaults for OML/cmm/m/it on input line 42.
LaTeX Font Info:    ... okay on input line 42.
LaTeX Font Info:    Checking defaults for T1/cmr/m/n on input line 42.
LaTeX Font Info:    ... okay on input line 42.
LaTeX Font Info:    Checking defaults for OT1/cmr/m/n on input line 42.
LaTeX Font Info:    ... okay on input line 42.
LaTeX Font Info:    Checking defaults for OMS/cmsy/m/n on input line 42.
LaTeX Font Info:    ... okay on input line 42.
LaTeX Font Info:    Checking defaults for TU/lmr/m/n on input line 42.
LaTeX Font Info:    ... okay on input line 42.
LaTeX Font Info:    Checking defaults for OMX/cmex/m/n on input line 42.
LaTeX Font Info:    ... okay on input line 42.
LaTeX Font Info:    Checking defaults for U/cmr/m/n on input line 42.
LaTeX Font Info:    ... okay on input line 42.
LaTeX Font Info:    External font `cmex10' loaded for size
(Font)              <12> on input line 43.
LaTeX Font Info:    External font `cmex10' loaded for size
(Font)              <8> on input line 43.
LaTeX Font Info:    External font `cmex10' loaded for size
(Font)              <6> on input line 43.
 [1

{d:/PRG/texlive/2019/texmf-var/fonts/map/pdftex/updmap/pdftex.map}] (./finding_
engine.aux))

Here is how much of LuaTeX's memory you used:
 279 strings out of 494291
 100000,106986 words of node,token memory allocated
 377 words of node memory still in use:
   2 hlist, 1 vlist, 1 rule, 2 glue, 3 kern, 1 glyph, 4 attribute, 44 glue_spec,
 4 attribute_list, 1 write nodes
   avail lists: 2:27,3:2,4:1,5:25,6:1,7:76,9:10,11:2
 4581 multiletter control sequences out of 65536+600000
 26 fonts using 1038803 bytes
 22i,4n,20p,150b,121s stack positions out of 5000i,500n,10000p,200000b,100000s
<d:/PRG/texlive/2019/texmf-dist/fonts/opentype/public/lm/lmroman8-regular.otf><d
:/PRG/texlive/2019/texmf-dist/fonts/opentype/public/lm/lmroman12-regular.otf>
Output written on finding_engine.pdf (1 page, 6787 bytes).

PDF statistics: 22 PDF objects out of 1000 (max. 8388607)
 12 compressed objects within 1 object stream
 0 named destinations out of 1000 (max. 131072)
 1 words of extra memory for PDF output out of 10000 (max. 100000000)

